[2024-08-28 07:51:24] production.ERROR: The /var/www/html/_bases/base_siram_idoteca_fila3/laravel/Themes/Sixteen/bootstrap/cache directory must be present and writable. {"exception":"[object] (Exception(code: 0): The /var/www/html/_bases/base_siram_idoteca_fila3/laravel/Themes/Sixteen/bootstrap/cache directory must be present and writable. at /var/www/html/_bases/base_siram_idoteca_fila3/laravel/Themes/Sixteen/vendor/laravel/framework/src/Illuminate/Foundation/PackageManifest.php:178)
[stacktrace]
#0 /var/www/html/_bases/base_siram_idoteca_fila3/laravel/Themes/Sixteen/vendor/laravel/framework/src/Illuminate/Foundation/PackageManifest.php(131): Illuminate\\Foundation\\PackageManifest->write()
#1 /var/www/html/_bases/base_siram_idoteca_fila3/laravel/Themes/Sixteen/vendor/laravel/framework/src/Illuminate/Foundation/PackageManifest.php(107): Illuminate\\Foundation\\PackageManifest->build()
#2 /var/www/html/_bases/base_siram_idoteca_fila3/laravel/Themes/Sixteen/vendor/laravel/framework/src/Illuminate/Foundation/PackageManifest.php(90): Illuminate\\Foundation\\PackageManifest->getManifest()
#3 /var/www/html/_bases/base_siram_idoteca_fila3/laravel/Themes/Sixteen/vendor/laravel/framework/src/Illuminate/Foundation/PackageManifest.php(79): Illuminate\\Foundation\\PackageManifest->config()
#4 /var/www/html/_bases/base_siram_idoteca_fila3/laravel/Themes/Sixteen/vendor/laravel/framework/src/Illuminate/Foundation/Bootstrap/RegisterFacades.php(26): Illuminate\\Foundation\\PackageManifest->aliases()
#5 /var/www/html/_bases/base_siram_idoteca_fila3/laravel/Themes/Sixteen/vendor/laravel/framework/src/Illuminate/Foundation/Application.php(316): Illuminate\\Foundation\\Bootstrap\\RegisterFacades->bootstrap()
#6 /var/www/html/_bases/base_siram_idoteca_fila3/laravel/Themes/Sixteen/vendor/laravel/framework/src/Illuminate/Foundation/Console/Kernel.php(473): Illuminate\\Foundation\\Application->bootstrapWith()
#7 /var/www/html/_bases/base_siram_idoteca_fila3/laravel/Themes/Sixteen/vendor/laravel/framework/src/Illuminate/Foundation/Console/Kernel.php(195): Illuminate\\Foundation\\Console\\Kernel->bootstrap()
#8 /var/www/html/_bases/base_siram_idoteca_fila3/laravel/Themes/Sixteen/vendor/laravel/framework/src/Illuminate/Foundation/Application.php(1203): Illuminate\\Foundation\\Console\\Kernel->handle()
#9 /var/www/html/_bases/base_siram_idoteca_fila3/laravel/Themes/Sixteen/artisan(13): Illuminate\\Foundation\\Application->handleCommand()
#10 {main}
"} 
[2024-08-28 07:52:29] production.ERROR: Please provide a valid cache path. {"exception":"[object] (InvalidArgumentException(code: 0): Please provide a valid cache path. at /var/www/html/_bases/base_siram_idoteca_fila3/laravel/Themes/Sixteen/vendor/laravel/framework/src/Illuminate/View/Compilers/Compiler.php:67)
[stacktrace]
#0 /var/www/html/_bases/base_siram_idoteca_fila3/laravel/Themes/Sixteen/vendor/laravel/framework/src/Illuminate/View/ViewServiceProvider.php(97): Illuminate\\View\\Compilers\\Compiler->__construct()
#1 /var/www/html/_bases/base_siram_idoteca_fila3/laravel/Themes/Sixteen/vendor/laravel/framework/src/Illuminate/Container/Container.php(931): Illuminate\\View\\ViewServiceProvider->Illuminate\\View\\{closure}()
#2 /var/www/html/_bases/base_siram_idoteca_fila3/laravel/Themes/Sixteen/vendor/laravel/framework/src/Illuminate/Container/Container.php(815): Illuminate\\Container\\Container->build()
#3 /var/www/html/_bases/base_siram_idoteca_fila3/laravel/Themes/Sixteen/vendor/laravel/framework/src/Illuminate/Foundation/Application.php(1046): Illuminate\\Container\\Container->resolve()
#4 /var/www/html/_bases/base_siram_idoteca_fila3/laravel/Themes/Sixteen/vendor/laravel/framework/src/Illuminate/Container/Container.php(751): Illuminate\\Foundation\\Application->resolve()
#5 /var/www/html/_bases/base_siram_idoteca_fila3/laravel/Themes/Sixteen/vendor/laravel/framework/src/Illuminate/Foundation/Application.php(1028): Illuminate\\Container\\Container->make()
#6 /var/www/html/_bases/base_siram_idoteca_fila3/laravel/Themes/Sixteen/vendor/laravel/framework/src/Illuminate/Container/Container.php(1559): Illuminate\\Foundation\\Application->make()
#7 /var/www/html/_bases/base_siram_idoteca_fila3/laravel/Themes/Sixteen/vendor/laravel/framework/src/Illuminate/Support/Facades/Facade.php(237): Illuminate\\Container\\Container->offsetGet()
#8 /var/www/html/_bases/base_siram_idoteca_fila3/laravel/Themes/Sixteen/vendor/laravel/framework/src/Illuminate/Support/Facades/Facade.php(208): Illuminate\\Support\\Facades\\Facade::resolveFacadeInstance()
#9 /var/www/html/_bases/base_siram_idoteca_fila3/laravel/Themes/Sixteen/vendor/laravel/framework/src/Illuminate/Support/Facades/Facade.php(351): Illuminate\\Support\\Facades\\Facade::getFacadeRoot()
#10 /var/www/html/_bases/base_siram_idoteca_fila3/laravel/Themes/Sixteen/vendor/blade-ui-kit/blade-icons/src/BladeIconsServiceProvider.php(98): Illuminate\\Support\\Facades\\Facade::__callStatic()
#11 /var/www/html/_bases/base_siram_idoteca_fila3/laravel/Themes/Sixteen/vendor/blade-ui-kit/blade-icons/src/BladeIconsServiceProvider.php(27): BladeUI\\Icons\\BladeIconsServiceProvider->bootDirectives()
#12 /var/www/html/_bases/base_siram_idoteca_fila3/laravel/Themes/Sixteen/vendor/laravel/framework/src/Illuminate/Container/BoundMethod.php(36): BladeUI\\Icons\\BladeIconsServiceProvider->boot()
#13 /var/www/html/_bases/base_siram_idoteca_fila3/laravel/Themes/Sixteen/vendor/laravel/framework/src/Illuminate/Container/Util.php(43): Illuminate\\Container\\BoundMethod::Illuminate\\Container\\{closure}()
#14 /var/www/html/_bases/base_siram_idoteca_fila3/laravel/Themes/Sixteen/vendor/laravel/framework/src/Illuminate/Container/BoundMethod.php(95): Illuminate\\Container\\Util::unwrapIfClosure()
#15 /var/www/html/_bases/base_siram_idoteca_fila3/laravel/Themes/Sixteen/vendor/laravel/framework/src/Illuminate/Container/BoundMethod.php(35): Illuminate\\Container\\BoundMethod::callBoundMethod()
#16 /var/www/html/_bases/base_siram_idoteca_fila3/laravel/Themes/Sixteen/vendor/laravel/framework/src/Illuminate/Container/Container.php(690): Illuminate\\Container\\BoundMethod::call()
#17 /var/www/html/_bases/base_siram_idoteca_fila3/laravel/Themes/Sixteen/vendor/laravel/framework/src/Illuminate/Foundation/Application.php(1119): Illuminate\\Container\\Container->call()
#18 /var/www/html/_bases/base_siram_idoteca_fila3/laravel/Themes/Sixteen/vendor/laravel/framework/src/Illuminate/Foundation/Application.php(1100): Illuminate\\Foundation\\Application->bootProvider()
#19 [internal function]: Illuminate\\Foundation\\Application->Illuminate\\Foundation\\{closure}()
#20 /var/www/html/_bases/base_siram_idoteca_fila3/laravel/Themes/Sixteen/vendor/laravel/framework/src/Illuminate/Foundation/Application.php(1099): array_walk()
#21 /var/www/html/_bases/base_siram_idoteca_fila3/laravel/Themes/Sixteen/vendor/laravel/framework/src/Illuminate/Foundation/Bootstrap/BootProviders.php(17): Illuminate\\Foundation\\Application->boot()
#22 /var/www/html/_bases/base_siram_idoteca_fila3/laravel/Themes/Sixteen/vendor/laravel/framework/src/Illuminate/Foundation/Application.php(316): Illuminate\\Foundation\\Bootstrap\\BootProviders->bootstrap()
#23 /var/www/html/_bases/base_siram_idoteca_fila3/laravel/Themes/Sixteen/vendor/laravel/framework/src/Illuminate/Foundation/Console/Kernel.php(473): Illuminate\\Foundation\\Application->bootstrapWith()
#24 /var/www/html/_bases/base_siram_idoteca_fila3/laravel/Themes/Sixteen/vendor/laravel/framework/src/Illuminate/Foundation/Console/Kernel.php(195): Illuminate\\Foundation\\Console\\Kernel->bootstrap()
#25 /var/www/html/_bases/base_siram_idoteca_fila3/laravel/Themes/Sixteen/vendor/laravel/framework/src/Illuminate/Foundation/Application.php(1203): Illuminate\\Foundation\\Console\\Kernel->handle()
#26 /var/www/html/_bases/base_siram_idoteca_fila3/laravel/Themes/Sixteen/artisan(13): Illuminate\\Foundation\\Application->handleCommand()
#27 {main}
"} 
[2024-08-28 07:52:39] production.ERROR: Please provide a valid cache path. {"exception":"[object] (InvalidArgumentException(code: 0): Please provide a valid cache path. at /var/www/html/_bases/base_siram_idoteca_fila3/laravel/Themes/Sixteen/vendor/laravel/framework/src/Illuminate/View/Compilers/Compiler.php:67)
[stacktrace]
#0 /var/www/html/_bases/base_siram_idoteca_fila3/laravel/Themes/Sixteen/vendor/laravel/framework/src/Illuminate/View/ViewServiceProvider.php(97): Illuminate\\View\\Compilers\\Compiler->__construct()
#1 /var/www/html/_bases/base_siram_idoteca_fila3/laravel/Themes/Sixteen/vendor/laravel/framework/src/Illuminate/Container/Container.php(931): Illuminate\\View\\ViewServiceProvider->Illuminate\\View\\{closure}()
#2 /var/www/html/_bases/base_siram_idoteca_fila3/laravel/Themes/Sixteen/vendor/laravel/framework/src/Illuminate/Container/Container.php(815): Illuminate\\Container\\Container->build()
#3 /var/www/html/_bases/base_siram_idoteca_fila3/laravel/Themes/Sixteen/vendor/laravel/framework/src/Illuminate/Foundation/Application.php(1046): Illuminate\\Container\\Container->resolve()
#4 /var/www/html/_bases/base_siram_idoteca_fila3/laravel/Themes/Sixteen/vendor/laravel/framework/src/Illuminate/Container/Container.php(751): Illuminate\\Foundation\\Application->resolve()
#5 /var/www/html/_bases/base_siram_idoteca_fila3/laravel/Themes/Sixteen/vendor/laravel/framework/src/Illuminate/Foundation/Application.php(1028): Illuminate\\Container\\Container->make()
#6 /var/www/html/_bases/base_siram_idoteca_fila3/laravel/Themes/Sixteen/vendor/laravel/framework/src/Illuminate/Container/Container.php(1559): Illuminate\\Foundation\\Application->make()
#7 /var/www/html/_bases/base_siram_idoteca_fila3/laravel/Themes/Sixteen/vendor/laravel/framework/src/Illuminate/Support/Facades/Facade.php(237): Illuminate\\Container\\Container->offsetGet()
#8 /var/www/html/_bases/base_siram_idoteca_fila3/laravel/Themes/Sixteen/vendor/laravel/framework/src/Illuminate/Support/Facades/Facade.php(208): Illuminate\\Support\\Facades\\Facade::resolveFacadeInstance()
#9 /var/www/html/_bases/base_siram_idoteca_fila3/laravel/Themes/Sixteen/vendor/laravel/framework/src/Illuminate/Support/Facades/Facade.php(351): Illuminate\\Support\\Facades\\Facade::getFacadeRoot()
#10 /var/www/html/_bases/base_siram_idoteca_fila3/laravel/Themes/Sixteen/vendor/blade-ui-kit/blade-icons/src/BladeIconsServiceProvider.php(98): Illuminate\\Support\\Facades\\Facade::__callStatic()
#11 /var/www/html/_bases/base_siram_idoteca_fila3/laravel/Themes/Sixteen/vendor/blade-ui-kit/blade-icons/src/BladeIconsServiceProvider.php(27): BladeUI\\Icons\\BladeIconsServiceProvider->bootDirectives()
#12 /var/www/html/_bases/base_siram_idoteca_fila3/laravel/Themes/Sixteen/vendor/laravel/framework/src/Illuminate/Container/BoundMethod.php(36): BladeUI\\Icons\\BladeIconsServiceProvider->boot()
#13 /var/www/html/_bases/base_siram_idoteca_fila3/laravel/Themes/Sixteen/vendor/laravel/framework/src/Illuminate/Container/Util.php(43): Illuminate\\Container\\BoundMethod::Illuminate\\Container\\{closure}()
#14 /var/www/html/_bases/base_siram_idoteca_fila3/laravel/Themes/Sixteen/vendor/laravel/framework/src/Illuminate/Container/BoundMethod.php(95): Illuminate\\Container\\Util::unwrapIfClosure()
#15 /var/www/html/_bases/base_siram_idoteca_fila3/laravel/Themes/Sixteen/vendor/laravel/framework/src/Illuminate/Container/BoundMethod.php(35): Illuminate\\Container\\BoundMethod::callBoundMethod()
#16 /var/www/html/_bases/base_siram_idoteca_fila3/laravel/Themes/Sixteen/vendor/laravel/framework/src/Illuminate/Container/Container.php(690): Illuminate\\Container\\BoundMethod::call()
#17 /var/www/html/_bases/base_siram_idoteca_fila3/laravel/Themes/Sixteen/vendor/laravel/framework/src/Illuminate/Foundation/Application.php(1119): Illuminate\\Container\\Container->call()
#18 /var/www/html/_bases/base_siram_idoteca_fila3/laravel/Themes/Sixteen/vendor/laravel/framework/src/Illuminate/Foundation/Application.php(1100): Illuminate\\Foundation\\Application->bootProvider()
#19 [internal function]: Illuminate\\Foundation\\Application->Illuminate\\Foundation\\{closure}()
#20 /var/www/html/_bases/base_siram_idoteca_fila3/laravel/Themes/Sixteen/vendor/laravel/framework/src/Illuminate/Foundation/Application.php(1099): array_walk()
#21 /var/www/html/_bases/base_siram_idoteca_fila3/laravel/Themes/Sixteen/vendor/laravel/framework/src/Illuminate/Foundation/Bootstrap/BootProviders.php(17): Illuminate\\Foundation\\Application->boot()
#22 /var/www/html/_bases/base_siram_idoteca_fila3/laravel/Themes/Sixteen/vendor/laravel/framework/src/Illuminate/Foundation/Application.php(316): Illuminate\\Foundation\\Bootstrap\\BootProviders->bootstrap()
#23 /var/www/html/_bases/base_siram_idoteca_fila3/laravel/Themes/Sixteen/vendor/laravel/framework/src/Illuminate/Foundation/Console/Kernel.php(473): Illuminate\\Foundation\\Application->bootstrapWith()
#24 /var/www/html/_bases/base_siram_idoteca_fila3/laravel/Themes/Sixteen/vendor/laravel/framework/src/Illuminate/Foundation/Console/Kernel.php(195): Illuminate\\Foundation\\Console\\Kernel->bootstrap()
#25 /var/www/html/_bases/base_siram_idoteca_fila3/laravel/Themes/Sixteen/vendor/laravel/framework/src/Illuminate/Foundation/Application.php(1203): Illuminate\\Foundation\\Console\\Kernel->handle()
#26 /var/www/html/_bases/base_siram_idoteca_fila3/laravel/Themes/Sixteen/artisan(13): Illuminate\\Foundation\\Application->handleCommand()
#27 {main}
"} 
[2024-08-28 07:58:07] production.ERROR: Please provide a valid cache path. {"exception":"[object] (InvalidArgumentException(code: 0): Please provide a valid cache path. at /var/www/html/_bases/base_siram_idoteca_fila3/laravel/Themes/Sixteen/vendor/laravel/framework/src/Illuminate/View/Compilers/Compiler.php:67)
[stacktrace]
#0 /var/www/html/_bases/base_siram_idoteca_fila3/laravel/Themes/Sixteen/vendor/laravel/framework/src/Illuminate/View/ViewServiceProvider.php(97): Illuminate\\View\\Compilers\\Compiler->__construct()
#1 /var/www/html/_bases/base_siram_idoteca_fila3/laravel/Themes/Sixteen/vendor/laravel/framework/src/Illuminate/Container/Container.php(931): Illuminate\\View\\ViewServiceProvider->Illuminate\\View\\{closure}()
#2 /var/www/html/_bases/base_siram_idoteca_fila3/laravel/Themes/Sixteen/vendor/laravel/framework/src/Illuminate/Container/Container.php(815): Illuminate\\Container\\Container->build()
#3 /var/www/html/_bases/base_siram_idoteca_fila3/laravel/Themes/Sixteen/vendor/laravel/framework/src/Illuminate/Foundation/Application.php(1046): Illuminate\\Container\\Container->resolve()
#4 /var/www/html/_bases/base_siram_idoteca_fila3/laravel/Themes/Sixteen/vendor/laravel/framework/src/Illuminate/Container/Container.php(751): Illuminate\\Foundation\\Application->resolve()
#5 /var/www/html/_bases/base_siram_idoteca_fila3/laravel/Themes/Sixteen/vendor/laravel/framework/src/Illuminate/Foundation/Application.php(1028): Illuminate\\Container\\Container->make()
#6 /var/www/html/_bases/base_siram_idoteca_fila3/laravel/Themes/Sixteen/vendor/laravel/framework/src/Illuminate/Container/Container.php(1559): Illuminate\\Foundation\\Application->make()
#7 /var/www/html/_bases/base_siram_idoteca_fila3/laravel/Themes/Sixteen/vendor/laravel/framework/src/Illuminate/Support/Facades/Facade.php(237): Illuminate\\Container\\Container->offsetGet()
#8 /var/www/html/_bases/base_siram_idoteca_fila3/laravel/Themes/Sixteen/vendor/laravel/framework/src/Illuminate/Support/Facades/Facade.php(208): Illuminate\\Support\\Facades\\Facade::resolveFacadeInstance()
#9 /var/www/html/_bases/base_siram_idoteca_fila3/laravel/Themes/Sixteen/vendor/laravel/framework/src/Illuminate/Support/Facades/Facade.php(351): Illuminate\\Support\\Facades\\Facade::getFacadeRoot()
#10 /var/www/html/_bases/base_siram_idoteca_fila3/laravel/Themes/Sixteen/vendor/blade-ui-kit/blade-icons/src/BladeIconsServiceProvider.php(98): Illuminate\\Support\\Facades\\Facade::__callStatic()
#11 /var/www/html/_bases/base_siram_idoteca_fila3/laravel/Themes/Sixteen/vendor/blade-ui-kit/blade-icons/src/BladeIconsServiceProvider.php(27): BladeUI\\Icons\\BladeIconsServiceProvider->bootDirectives()
#12 /var/www/html/_bases/base_siram_idoteca_fila3/laravel/Themes/Sixteen/vendor/laravel/framework/src/Illuminate/Container/BoundMethod.php(36): BladeUI\\Icons\\BladeIconsServiceProvider->boot()
#13 /var/www/html/_bases/base_siram_idoteca_fila3/laravel/Themes/Sixteen/vendor/laravel/framework/src/Illuminate/Container/Util.php(43): Illuminate\\Container\\BoundMethod::Illuminate\\Container\\{closure}()
#14 /var/www/html/_bases/base_siram_idoteca_fila3/laravel/Themes/Sixteen/vendor/laravel/framework/src/Illuminate/Container/BoundMethod.php(95): Illuminate\\Container\\Util::unwrapIfClosure()
#15 /var/www/html/_bases/base_siram_idoteca_fila3/laravel/Themes/Sixteen/vendor/laravel/framework/src/Illuminate/Container/BoundMethod.php(35): Illuminate\\Container\\BoundMethod::callBoundMethod()
#16 /var/www/html/_bases/base_siram_idoteca_fila3/laravel/Themes/Sixteen/vendor/laravel/framework/src/Illuminate/Container/Container.php(690): Illuminate\\Container\\BoundMethod::call()
#17 /var/www/html/_bases/base_siram_idoteca_fila3/laravel/Themes/Sixteen/vendor/laravel/framework/src/Illuminate/Foundation/Application.php(1119): Illuminate\\Container\\Container->call()
#18 /var/www/html/_bases/base_siram_idoteca_fila3/laravel/Themes/Sixteen/vendor/laravel/framework/src/Illuminate/Foundation/Application.php(1100): Illuminate\\Foundation\\Application->bootProvider()
#19 [internal function]: Illuminate\\Foundation\\Application->Illuminate\\Foundation\\{closure}()
#20 /var/www/html/_bases/base_siram_idoteca_fila3/laravel/Themes/Sixteen/vendor/laravel/framework/src/Illuminate/Foundation/Application.php(1099): array_walk()
#21 /var/www/html/_bases/base_siram_idoteca_fila3/laravel/Themes/Sixteen/vendor/laravel/framework/src/Illuminate/Foundation/Bootstrap/BootProviders.php(17): Illuminate\\Foundation\\Application->boot()
#22 /var/www/html/_bases/base_siram_idoteca_fila3/laravel/Themes/Sixteen/vendor/laravel/framework/src/Illuminate/Foundation/Application.php(316): Illuminate\\Foundation\\Bootstrap\\BootProviders->bootstrap()
#23 /var/www/html/_bases/base_siram_idoteca_fila3/laravel/Themes/Sixteen/vendor/laravel/framework/src/Illuminate/Foundation/Console/Kernel.php(473): Illuminate\\Foundation\\Application->bootstrapWith()
#24 /var/www/html/_bases/base_siram_idoteca_fila3/laravel/Themes/Sixteen/vendor/laravel/framework/src/Illuminate/Foundation/Console/Kernel.php(195): Illuminate\\Foundation\\Console\\Kernel->bootstrap()
#25 /var/www/html/_bases/base_siram_idoteca_fila3/laravel/Themes/Sixteen/vendor/laravel/framework/src/Illuminate/Foundation/Application.php(1203): Illuminate\\Foundation\\Console\\Kernel->handle()
#26 /var/www/html/_bases/base_siram_idoteca_fila3/laravel/Themes/Sixteen/artisan(13): Illuminate\\Foundation\\Application->handleCommand()
#27 {main}
"} 
[2024-08-28 07:58:47] production.ERROR: Please provide a valid cache path. {"exception":"[object] (InvalidArgumentException(code: 0): Please provide a valid cache path. at /var/www/html/_bases/base_siram_idoteca_fila3/laravel/Themes/Sixteen/vendor/laravel/framework/src/Illuminate/View/Compilers/Compiler.php:67)
[stacktrace]
#0 /var/www/html/_bases/base_siram_idoteca_fila3/laravel/Themes/Sixteen/vendor/laravel/framework/src/Illuminate/View/ViewServiceProvider.php(97): Illuminate\\View\\Compilers\\Compiler->__construct()
#1 /var/www/html/_bases/base_siram_idoteca_fila3/laravel/Themes/Sixteen/vendor/laravel/framework/src/Illuminate/Container/Container.php(931): Illuminate\\View\\ViewServiceProvider->Illuminate\\View\\{closure}()
#2 /var/www/html/_bases/base_siram_idoteca_fila3/laravel/Themes/Sixteen/vendor/laravel/framework/src/Illuminate/Container/Container.php(815): Illuminate\\Container\\Container->build()
#3 /var/www/html/_bases/base_siram_idoteca_fila3/laravel/Themes/Sixteen/vendor/laravel/framework/src/Illuminate/Foundation/Application.php(1046): Illuminate\\Container\\Container->resolve()
#4 /var/www/html/_bases/base_siram_idoteca_fila3/laravel/Themes/Sixteen/vendor/laravel/framework/src/Illuminate/Container/Container.php(751): Illuminate\\Foundation\\Application->resolve()
#5 /var/www/html/_bases/base_siram_idoteca_fila3/laravel/Themes/Sixteen/vendor/laravel/framework/src/Illuminate/Foundation/Application.php(1028): Illuminate\\Container\\Container->make()
#6 /var/www/html/_bases/base_siram_idoteca_fila3/laravel/Themes/Sixteen/vendor/laravel/framework/src/Illuminate/Container/Container.php(1559): Illuminate\\Foundation\\Application->make()
#7 /var/www/html/_bases/base_siram_idoteca_fila3/laravel/Themes/Sixteen/vendor/laravel/framework/src/Illuminate/Support/Facades/Facade.php(237): Illuminate\\Container\\Container->offsetGet()
#8 /var/www/html/_bases/base_siram_idoteca_fila3/laravel/Themes/Sixteen/vendor/laravel/framework/src/Illuminate/Support/Facades/Facade.php(208): Illuminate\\Support\\Facades\\Facade::resolveFacadeInstance()
#9 /var/www/html/_bases/base_siram_idoteca_fila3/laravel/Themes/Sixteen/vendor/laravel/framework/src/Illuminate/Support/Facades/Facade.php(351): Illuminate\\Support\\Facades\\Facade::getFacadeRoot()
#10 /var/www/html/_bases/base_siram_idoteca_fila3/laravel/Themes/Sixteen/vendor/blade-ui-kit/blade-icons/src/BladeIconsServiceProvider.php(98): Illuminate\\Support\\Facades\\Facade::__callStatic()
#11 /var/www/html/_bases/base_siram_idoteca_fila3/laravel/Themes/Sixteen/vendor/blade-ui-kit/blade-icons/src/BladeIconsServiceProvider.php(27): BladeUI\\Icons\\BladeIconsServiceProvider->bootDirectives()
#12 /var/www/html/_bases/base_siram_idoteca_fila3/laravel/Themes/Sixteen/vendor/laravel/framework/src/Illuminate/Container/BoundMethod.php(36): BladeUI\\Icons\\BladeIconsServiceProvider->boot()
#13 /var/www/html/_bases/base_siram_idoteca_fila3/laravel/Themes/Sixteen/vendor/laravel/framework/src/Illuminate/Container/Util.php(43): Illuminate\\Container\\BoundMethod::Illuminate\\Container\\{closure}()
#14 /var/www/html/_bases/base_siram_idoteca_fila3/laravel/Themes/Sixteen/vendor/laravel/framework/src/Illuminate/Container/BoundMethod.php(95): Illuminate\\Container\\Util::unwrapIfClosure()
#15 /var/www/html/_bases/base_siram_idoteca_fila3/laravel/Themes/Sixteen/vendor/laravel/framework/src/Illuminate/Container/BoundMethod.php(35): Illuminate\\Container\\BoundMethod::callBoundMethod()
#16 /var/www/html/_bases/base_siram_idoteca_fila3/laravel/Themes/Sixteen/vendor/laravel/framework/src/Illuminate/Container/Container.php(690): Illuminate\\Container\\BoundMethod::call()
#17 /var/www/html/_bases/base_siram_idoteca_fila3/laravel/Themes/Sixteen/vendor/laravel/framework/src/Illuminate/Foundation/Application.php(1119): Illuminate\\Container\\Container->call()
#18 /var/www/html/_bases/base_siram_idoteca_fila3/laravel/Themes/Sixteen/vendor/laravel/framework/src/Illuminate/Foundation/Application.php(1100): Illuminate\\Foundation\\Application->bootProvider()
#19 [internal function]: Illuminate\\Foundation\\Application->Illuminate\\Foundation\\{closure}()
#20 /var/www/html/_bases/base_siram_idoteca_fila3/laravel/Themes/Sixteen/vendor/laravel/framework/src/Illuminate/Foundation/Application.php(1099): array_walk()
#21 /var/www/html/_bases/base_siram_idoteca_fila3/laravel/Themes/Sixteen/vendor/laravel/framework/src/Illuminate/Foundation/Bootstrap/BootProviders.php(17): Illuminate\\Foundation\\Application->boot()
#22 /var/www/html/_bases/base_siram_idoteca_fila3/laravel/Themes/Sixteen/vendor/laravel/framework/src/Illuminate/Foundation/Application.php(316): Illuminate\\Foundation\\Bootstrap\\BootProviders->bootstrap()
#23 /var/www/html/_bases/base_siram_idoteca_fila3/laravel/Themes/Sixteen/vendor/laravel/framework/src/Illuminate/Foundation/Console/Kernel.php(473): Illuminate\\Foundation\\Application->bootstrapWith()
#24 /var/www/html/_bases/base_siram_idoteca_fila3/laravel/Themes/Sixteen/vendor/laravel/framework/src/Illuminate/Foundation/Console/Kernel.php(195): Illuminate\\Foundation\\Console\\Kernel->bootstrap()
#25 /var/www/html/_bases/base_siram_idoteca_fila3/laravel/Themes/Sixteen/vendor/laravel/framework/src/Illuminate/Foundation/Application.php(1203): Illuminate\\Foundation\\Console\\Kernel->handle()
#26 /var/www/html/_bases/base_siram_idoteca_fila3/laravel/Themes/Sixteen/artisan(13): Illuminate\\Foundation\\Application->handleCommand()
#27 {main}
"} 
